<?xml version="1.0" encoding="UTF-8"?>
<!-- Generated by org.testng.reporters.JUnitReportReporter -->
<testsuite skipped="0" hostname="DESKTOP-8V9ACPV" name="testcases.TC001_LoginAndLogout2" tests="4" failures="0" timestamp="22 Dec 2018 10:44:14 GMT" time="38.947" errors="0">
  <testcase name="login" time="9.018" classname="testcases.TC001_LoginAndLogout2"/>
  <testcase name="login" time="8.869" classname="testcases.TC001_LoginAndLogout2"/>
  <testcase name="login" time="10.916" classname="testcases.TC001_LoginAndLogout2"/>
  <testcase name="login" time="10.144" classname="testcases.TC001_LoginAndLogout2"/>
</testsuite> <!-- testcases.TC001_LoginAndLogout2 -->
