<?xml version="1.0" encoding="UTF-8"?>
<!-- Generated by org.testng.reporters.JUnitReportReporter -->
<testsuite skipped="0" hostname="DESKTOP-3H06R2P" name="testcases.TC001_LogInLogout" tests="2" failures="0" timestamp="21 Nov 2018 05:37:07 GMT" time="32.731" errors="0">
  <testcase name="logInLogOut" time="15.386" classname="testcases.TC001_LogInLogout"/>
  <testcase name="logInLogOut" time="17.345" classname="testcases.TC001_LogInLogout"/>
</testsuite> <!-- testcases.TC001_LogInLogout -->
